<?xml version="1.0" encoding="UTF-8"?>
<!-- Generated by org.testng.reporters.JUnitReportReporter -->
<testsuite hostname="ANURAG24" failures="0" tests="1" name="com.scripts.actitime.ActiTimeLogin" time="32.935" errors="0" timestamp="15 Mar 2021 16:10:22 GMT" skipped="0">
  <testcase classname="com.scripts.actitime.ActiTimeLogin" name="login" time="32.935"/>
</testsuite> <!-- com.scripts.actitime.ActiTimeLogin -->
